# JRE version: OpenJDK Runtime Environment (Red_Hat-21.0.9.0+10-1) (21.0.9+10) (build 21.0.9+10-LTS)
# Java VM: OpenJDK 64-Bit Server VM (Red_Hat-21.0.9.0+10-1) (21.0.9+10-LTS, mixed mode, sharing, tiered, compressed oops, compressed class ptrs, parallel gc, windows-amd64)
GC Precious Log:
 CardTable entry size: 512
 CPUs: 4 total, 4 available
 Memory: 7932M
 Large Page Support: Disabled
 NUMA Support: Disabled
 Compressed Oops: Enabled (32-bit)
 Alignments: Space 512K, Generation 512K, Heap 2M
 Heap Min Capacity: 100M
 Heap Initial Capacity: 100M
 Heap Max Capacity: 2G
 Pre-touch: Disabled
 Parallel Workers: 4
Heap:
 PSYoungGen      total 103936K, used 101217K [0x00000000d5580000, 0x00000000dcc00000, 0x0000000100000000)
  eden space 102912K, 97% used [0x00000000d5580000,0x00000000db75c030,0x00000000dba00000)
  from space 1024K, 98% used [0x00000000dcb00000,0x00000000dcbfc568,0x00000000dcc00000)
  to   space 8192K, 0% used [0x00000000dbc00000,0x00000000dbc00000,0x00000000dc400000)
 ParOldGen       total 1248768K, used 324825K [0x0000000080000000, 0x00000000cc380000, 0x00000000d5580000)
  object space 1248768K, 26% used [0x0000000080000000,0x0000000093d36410,0x00000000cc380000)
 Metaspace       used 87254K, committed 89152K, reserved 1179648K
  class space    used 8566K, committed 9472K, reserved 1048576K
GC Heap History (20 events):
Event: 649.349 GC heap before
{Heap before GC invocations=1549 (full 6):
 PSYoungGen      total 75776K, used 75580K [0x00000000d5580000, 0x00000000dee80000, 0x0000000100000000)
  eden space 74752K, 100% used [0x00000000d5580000,0x00000000d9e80000,0x00000000d9e80000)
  from space 1024K, 80% used [0x00000000ded80000,0x00000000dee4f2e8,0x00000000dee80000)
  to   space 3072K, 0% used [0x00000000de880000,0x00000000de880000,0x00000000deb80000)
 ParOldGen       total 1248768K, used 269401K [0x0000000080000000, 0x00000000cc380000, 0x00000000d5580000)
  object space 1248768K, 21% used [0x0000000080000000,0x0000000090716530,0x00000000cc380000)
 Metaspace       used 87123K, committed 89088K, reserved 1179648K
  class space    used 8563K, committed 9472K, reserved 1048576K
}
Event: 649.351 GC heap after
{Heap after GC invocations=1549 (full 6):
 PSYoungGen      total 75264K, used 2732K [0x00000000d5580000, 0x00000000dee00000, 0x0000000100000000)
  eden space 72192K, 0% used [0x00000000d5580000,0x00000000d5580000,0x00000000d9c00000)
  from space 3072K, 88% used [0x00000000de880000,0x00000000deb2b2a8,0x00000000deb80000)
  to   space 2560K, 0% used [0x00000000deb80000,0x00000000deb80000,0x00000000dee00000)
 ParOldGen       total 1248768K, used 269453K [0x0000000080000000, 0x00000000cc380000, 0x00000000d5580000)
  object space 1248768K, 21% used [0x0000000080000000,0x00000000907237a0,0x00000000cc380000)
 Metaspace       used 87123K, committed 89088K, reserved 1179648K
  class space    used 8563K, committed 9472K, reserved 1048576K
}
Event: 650.650 GC heap before
{Heap before GC invocations=1550 (full 6):
 PSYoungGen      total 75264K, used 74924K [0x00000000d5580000, 0x00000000dee00000, 0x0000000100000000)
  eden space 72192K, 100% used [0x00000000d5580000,0x00000000d9c00000,0x00000000d9c00000)
  from space 3072K, 88% used [0x00000000de880000,0x00000000deb2b2a8,0x00000000deb80000)
  to   space 2560K, 0% used [0x00000000deb80000,0x00000000deb80000,0x00000000dee00000)
 ParOldGen       total 1248768K, used 269453K [0x0000000080000000, 0x00000000cc380000, 0x00000000d5580000)
  object space 1248768K, 21% used [0x0000000080000000,0x00000000907237a0,0x00000000cc380000)
 Metaspace       used 87130K, committed 89088K, reserved 1179648K
  class space    used 8563K, committed 9472K, reserved 1048576K
}
Event: 650.769 GC heap after
{Heap after GC invocations=1550 (full 6):
 PSYoungGen      total 72192K, used 2534K [0x00000000d5580000, 0x00000000dee00000, 0x0000000100000000)
  eden space 69632K, 0% used [0x00000000d5580000,0x00000000d5580000,0x00000000d9980000)
  from space 2560K, 99% used [0x00000000deb80000,0x00000000dedf9a78,0x00000000dee00000)
  to   space 13824K, 0% used [0x00000000dd300000,0x00000000dd300000,0x00000000de080000)
 ParOldGen       total 1248768K, used 278942K [0x0000000080000000, 0x00000000cc380000, 0x00000000d5580000)
  object space 1248768K, 22% used [0x0000000080000000,0x00000000910679c0,0x00000000cc380000)
 Metaspace       used 87130K, committed 89088K, reserved 1179648K
  class space    used 8563K, committed 9472K, reserved 1048576K
}
Event: 651.391 GC heap before
{Heap before GC invocations=1551 (full 6):
 PSYoungGen      total 72192K, used 72166K [0x00000000d5580000, 0x00000000dee00000, 0x0000000100000000)
  eden space 69632K, 100% used [0x00000000d5580000,0x00000000d9980000,0x00000000d9980000)
  from space 2560K, 99% used [0x00000000deb80000,0x00000000dedf9a78,0x00000000dee00000)
  to   space 13824K, 0% used [0x00000000dd300000,0x00000000dd300000,0x00000000de080000)
 ParOldGen       total 1248768K, used 278942K [0x0000000080000000, 0x00000000cc380000, 0x00000000d5580000)
  object space 1248768K, 22% used [0x0000000080000000,0x00000000910679c0,0x00000000cc380000)
 Metaspace       used 87167K, committed 89088K, reserved 1179648K
  class space    used 8563K, committed 9472K, reserved 1048576K
}
Event: 651.405 GC heap after
{Heap after GC invocations=1551 (full 6):
 PSYoungGen      total 81408K, used 7705K [0x00000000d5580000, 0x00000000dec00000, 0x0000000100000000)
  eden space 67584K, 0% used [0x00000000d5580000,0x00000000d5580000,0x00000000d9780000)
  from space 13824K, 55% used [0x00000000dd300000,0x00000000dda86778,0x00000000de080000)
  to   space 9216K, 0% used [0x00000000de300000,0x00000000de300000,0x00000000dec00000)
 ParOldGen       total 1248768K, used 281463K [0x0000000080000000, 0x00000000cc380000, 0x00000000d5580000)
  object space 1248768K, 22% used [0x0000000080000000,0x00000000912ddc08,0x00000000cc380000)
 Metaspace       used 87167K, committed 89088K, reserved 1179648K
  class space    used 8563K, committed 9472K, reserved 1048576K
}
Event: 652.689 GC heap before
{Heap before GC invocations=1552 (full 6):
 PSYoungGen      total 81408K, used 75289K [0x00000000d5580000, 0x00000000dec00000, 0x0000000100000000)
  eden space 67584K, 100% used [0x00000000d5580000,0x00000000d9780000,0x00000000d9780000)
  from space 13824K, 55% used [0x00000000dd300000,0x00000000dda86778,0x00000000de080000)
  to   space 9216K, 0% used [0x00000000de300000,0x00000000de300000,0x00000000dec00000)
 ParOldGen       total 1248768K, used 281463K [0x0000000080000000, 0x00000000cc380000, 0x00000000d5580000)
  object space 1248768K, 22% used [0x0000000080000000,0x00000000912ddc08,0x00000000cc380000)
 Metaspace       used 87191K, committed 89152K, reserved 1179648K
  class space    used 8563K, committed 9472K, reserved 1048576K
}
Event: 652.895 GC heap after
{Heap after GC invocations=1552 (full 6):
 PSYoungGen      total 74752K, used 9203K [0x00000000d5580000, 0x00000000dec00000, 0x0000000100000000)
  eden space 65536K, 0% used [0x00000000d5580000,0x00000000d5580000,0x00000000d9580000)
  from space 9216K, 99% used [0x00000000de300000,0x00000000debfce10,0x00000000dec00000)
  to   space 27136K, 0% used [0x00000000db700000,0x00000000db700000,0x00000000dd180000)
 ParOldGen       total 1248768K, used 296518K [0x0000000080000000, 0x00000000cc380000, 0x00000000d5580000)
  object space 1248768K, 23% used [0x0000000080000000,0x00000000921918b8,0x00000000cc380000)
 Metaspace       used 87191K, committed 89152K, reserved 1179648K
  class space    used 8563K, committed 9472K, reserved 1048576K
}
Event: 654.028 GC heap before
{Heap before GC invocations=1553 (full 6):
 PSYoungGen      total 74752K, used 68488K [0x00000000d5580000, 0x00000000dec00000, 0x0000000100000000)
  eden space 65536K, 90% used [0x00000000d5580000,0x00000000d8f65370,0x00000000d9580000)
  from space 9216K, 99% used [0x00000000de300000,0x00000000debfce10,0x00000000dec00000)
  to   space 27136K, 0% used [0x00000000db700000,0x00000000db700000,0x00000000dd180000)
 ParOldGen       total 1248768K, used 296518K [0x0000000080000000, 0x00000000cc380000, 0x00000000d5580000)
  object space 1248768K, 23% used [0x0000000080000000,0x00000000921918b8,0x00000000cc380000)
 Metaspace       used 87209K, committed 89152K, reserved 1179648K
  class space    used 8563K, committed 9472K, reserved 1048576K
}
Event: 654.595 GC heap after
{Heap after GC invocations=1553 (full 6):
 PSYoungGen      total 90624K, used 10090K [0x00000000d5580000, 0x00000000de380000, 0x0000000100000000)
  eden space 63488K, 0% used [0x00000000d5580000,0x00000000d5580000,0x00000000d9380000)
  from space 27136K, 37% used [0x00000000db700000,0x00000000dc0da940,0x00000000dd180000)
  to   space 15360K, 0% used [0x00000000dd480000,0x00000000dd480000,0x00000000de380000)
 ParOldGen       total 1248768K, used 305753K [0x0000000080000000, 0x00000000cc380000, 0x00000000d5580000)
  object space 1248768K, 24% used [0x0000000080000000,0x0000000092a966c8,0x00000000cc380000)
 Metaspace       used 87209K, committed 89152K, reserved 1179648K
  class space    used 8563K, committed 9472K, reserved 1048576K
}
Event: 655.024 GC heap before
{Heap before GC invocations=1554 (full 6):
 PSYoungGen      total 90624K, used 73578K [0x00000000d5580000, 0x00000000de380000, 0x0000000100000000)
  eden space 63488K, 100% used [0x00000000d5580000,0x00000000d9380000,0x00000000d9380000)
  from space 27136K, 37% used [0x00000000db700000,0x00000000dc0da940,0x00000000dd180000)
  to   space 15360K, 0% used [0x00000000dd480000,0x00000000dd480000,0x00000000de380000)
 ParOldGen       total 1248768K, used 305753K [0x0000000080000000, 0x00000000cc380000, 0x00000000d5580000)
  object space 1248768K, 24% used [0x0000000080000000,0x0000000092a966c8,0x00000000cc380000)
 Metaspace       used 87210K, committed 89152K, reserved 1179648K
  class space    used 8563K, committed 9472K, reserved 1048576K
}
Event: 655.360 GC heap after
{Heap after GC invocations=1554 (full 6):
 PSYoungGen      total 91648K, used 15356K [0x00000000d5580000, 0x00000000de380000, 0x0000000100000000)
  eden space 76288K, 0% used [0x00000000d5580000,0x00000000d5580000,0x00000000da000000)
  from space 15360K, 99% used [0x00000000dd480000,0x00000000de37f3c0,0x00000000de380000)
  to   space 23040K, 0% used [0x00000000db680000,0x00000000db680000,0x00000000dcd00000)
 ParOldGen       total 1248768K, used 311366K [0x0000000080000000, 0x00000000cc380000, 0x00000000d5580000)
  object space 1248768K, 24% used [0x0000000080000000,0x0000000093011ad0,0x00000000cc380000)
 Metaspace       used 87210K, committed 89152K, reserved 1179648K
  class space    used 8563K, committed 9472K, reserved 1048576K
}
Event: 657.086 GC heap before
{Heap before GC invocations=1555 (full 6):
 PSYoungGen      total 91648K, used 91644K [0x00000000d5580000, 0x00000000de380000, 0x0000000100000000)
  eden space 76288K, 100% used [0x00000000d5580000,0x00000000da000000,0x00000000da000000)
  from space 15360K, 99% used [0x00000000dd480000,0x00000000de37f3c0,0x00000000de380000)
  to   space 23040K, 0% used [0x00000000db680000,0x00000000db680000,0x00000000dcd00000)
 ParOldGen       total 1248768K, used 311366K [0x0000000080000000, 0x00000000cc380000, 0x00000000d5580000)
  object space 1248768K, 24% used [0x0000000080000000,0x0000000093011ad0,0x00000000cc380000)
 Metaspace       used 87219K, committed 89152K, reserved 1179648K
  class space    used 8563K, committed 9472K, reserved 1048576K
}
Event: 657.461 GC heap after
{Heap after GC invocations=1555 (full 6):
 PSYoungGen      total 94208K, used 2515K [0x00000000d5580000, 0x00000000dd500000, 0x0000000100000000)
  eden space 91648K, 0% used [0x00000000d5580000,0x00000000d5580000,0x00000000daf00000)
  from space 2560K, 98% used [0x00000000db680000,0x00000000db8f4fa0,0x00000000db900000)
  to   space 9728K, 0% used [0x00000000dcb80000,0x00000000dcb80000,0x00000000dd500000)
 ParOldGen       total 1248768K, used 317013K [0x0000000080000000, 0x00000000cc380000, 0x00000000d5580000)
  object space 1248768K, 25% used [0x0000000080000000,0x00000000935955c0,0x00000000cc380000)
 Metaspace       used 87219K, committed 89152K, reserved 1179648K
  class space    used 8563K, committed 9472K, reserved 1048576K
}
Event: 658.460 GC heap before
{Heap before GC invocations=1556 (full 6):
 PSYoungGen      total 94208K, used 94163K [0x00000000d5580000, 0x00000000dd500000, 0x0000000100000000)
  eden space 91648K, 100% used [0x00000000d5580000,0x00000000daf00000,0x00000000daf00000)
  from space 2560K, 98% used [0x00000000db680000,0x00000000db8f4fa0,0x00000000db900000)
  to   space 9728K, 0% used [0x00000000dcb80000,0x00000000dcb80000,0x00000000dd500000)
 ParOldGen       total 1248768K, used 317013K [0x0000000080000000, 0x00000000cc380000, 0x00000000d5580000)
  object space 1248768K, 25% used [0x0000000080000000,0x00000000935955c0,0x00000000cc380000)
 Metaspace       used 87229K, committed 89152K, reserved 1179648K
  class space    used 8563K, committed 9472K, reserved 1048576K
}
Event: 658.656 GC heap after
{Heap after GC invocations=1556 (full 6):
 PSYoungGen      total 89600K, used 568K [0x00000000d5580000, 0x00000000dcc80000, 0x0000000100000000)
  eden space 88576K, 0% used [0x00000000d5580000,0x00000000d5580000,0x00000000dac00000)
  from space 1024K, 55% used [0x00000000dcb80000,0x00000000dcc0e080,0x00000000dcc80000)
  to   space 2560K, 0% used [0x00000000dc780000,0x00000000dc780000,0x00000000dca00000)
 ParOldGen       total 1248768K, used 318788K [0x0000000080000000, 0x00000000cc380000, 0x00000000d5580000)
  object space 1248768K, 25% used [0x0000000080000000,0x00000000937510a0,0x00000000cc380000)
 Metaspace       used 87229K, committed 89152K, reserved 1179648K
  class space    used 8563K, committed 9472K, reserved 1048576K
}
Event: 700.932 GC heap before
{Heap before GC invocations=1557 (full 6):
 PSYoungGen      total 89600K, used 89144K [0x00000000d5580000, 0x00000000dcc80000, 0x0000000100000000)
  eden space 88576K, 100% used [0x00000000d5580000,0x00000000dac00000,0x00000000dac00000)
  from space 1024K, 55% used [0x00000000dcb80000,0x00000000dcc0e080,0x00000000dcc80000)
  to   space 2560K, 0% used [0x00000000dc780000,0x00000000dc780000,0x00000000dca00000)
 ParOldGen       total 1248768K, used 318788K [0x0000000080000000, 0x00000000cc380000, 0x00000000d5580000)
  object space 1248768K, 25% used [0x0000000080000000,0x00000000937510a0,0x00000000cc380000)
 Metaspace       used 87250K, committed 89152K, reserved 1179648K
  class space    used 8566K, committed 9472K, reserved 1048576K
}
Event: 704.842 GC heap after
{Heap after GC invocations=1557 (full 6):
 PSYoungGen      total 88064K, used 676K [0x00000000d5580000, 0x00000000dcc00000, 0x0000000100000000)
  eden space 85504K, 0% used [0x00000000d5580000,0x00000000d5580000,0x00000000da900000)
  from space 2560K, 26% used [0x00000000dc780000,0x00000000dc829210,0x00000000dca00000)
  to   space 1024K, 0% used [0x00000000dcb00000,0x00000000dcb00000,0x00000000dcc00000)
 ParOldGen       total 1248768K, used 318844K [0x0000000080000000, 0x00000000cc380000, 0x00000000d5580000)
  object space 1248768K, 25% used [0x0000000080000000,0x000000009375f0a0,0x00000000cc380000)
 Metaspace       used 87250K, committed 89152K, reserved 1179648K
  class space    used 8566K, committed 9472K, reserved 1048576K
}
Event: 710.197 GC heap before
{Heap before GC invocations=1558 (full 6):
 PSYoungGen      total 88064K, used 86180K [0x00000000d5580000, 0x00000000dcc00000, 0x0000000100000000)
  eden space 85504K, 100% used [0x00000000d5580000,0x00000000da900000,0x00000000da900000)
  from space 2560K, 26% used [0x00000000dc780000,0x00000000dc829210,0x00000000dca00000)
  to   space 1024K, 0% used [0x00000000dcb00000,0x00000000dcb00000,0x00000000dcc00000)
 ParOldGen       total 1248768K, used 318844K [0x0000000080000000, 0x00000000cc380000, 0x00000000d5580000)
  object space 1248768K, 25% used [0x0000000080000000,0x000000009375f0a0,0x00000000cc380000)
 Metaspace       used 87250K, committed 89152K, reserved 1179648K
  class space    used 8566K, committed 9472K, reserved 1048576K
}
Event: 714.190 GC heap after
{Heap after GC invocations=1558 (full 6):
 PSYoungGen      total 103936K, used 1009K [0x00000000d5580000, 0x00000000dcc00000, 0x0000000100000000)
  eden space 102912K, 0% used [0x00000000d5580000,0x00000000d5580000,0x00000000dba00000)
  from space 1024K, 98% used [0x00000000dcb00000,0x00000000dcbfc568,0x00000000dcc00000)
  to   space 8192K, 0% used [0x00000000dbc00000,0x00000000dbc00000,0x00000000dc400000)
 ParOldGen       total 1248768K, used 324825K [0x0000000080000000, 0x00000000cc380000, 0x00000000d5580000)
  object space 1248768K, 26% used [0x0000000080000000,0x0000000093d36410,0x00000000cc380000)
 Metaspace       used 87250K, committed 89152K, reserved 1179648K
  class space    used 8566K, committed 9472K, reserved 1048576K
}

